[debug] > Exec(early(addDefaultCommands), None, None)
[debug] > Exec(addDefaultCommands, None, None)
[debug] > Exec(early(initialize), None, None)
[debug] > Exec(initialize, None, None)
[debug] > Exec(early(addPluginSbtFile="""C:\Users\User\AppData\Local\Temp\idea1.sbt"""), None, None)
[debug] > Exec(addPluginSbtFile="""C:\Users\User\AppData\Local\Temp\idea1.sbt""", None, None)
[debug] > Exec(boot, None, None)
[debug] > Exec(writeSbtVersion, None, None)
[debug] > Exec(reload, None, None)
[debug] > Exec(sbtStashOnFailure, None, None)
[debug] > Exec(onFailure loadFailed, None, None)
[debug] > Exec(loadp, None, None)
[info] welcome to sbt 1.9.7 (Oracle Corporation Java 21.0.2)
[debug] Load.defaultLoad until apply took 210.6007ms
[debug]           Load.loadUnit: plugins took 136.8219ms
[debug]           Load.loadUnit: defsScala took 0.7538ms
[debug] [Loading] Scanning directory D:\Universitate\PP\skel2\project
[debug]             Load.loadUnit: mkEval took 10.2362ms
[debug] [Loading] Found non-root projects 
[debug] [Loading] Done in D:\Universitate\PP\skel2\project, returning: ()
[debug] deducing auto plugins based on known facts Set(Atom(sbt.plugins.CorePlugin)) and clauses Clauses(Clause(Atom(sbt.plugins.JvmPlugin),Set(Atom(sbt.plugins.IvyPlugin)))
[debug] Clause(Atom(sbt.ScriptedPlugin),Set(Atom(sbt.plugins.JvmPlugin)))
[debug] Clause(Atom(sbt.plugins.SbtPlugin),Set(Atom(sbt.ScriptedPlugin)))
[debug] Clause(Atom(sbt.plugins.SemanticdbPlugin),Set(Atom(sbt.plugins.JvmPlugin)))
[debug] Clause(Atom(sbt.plugins.JUnitXmlReportPlugin),Set(Atom(sbt.plugins.JvmPlugin)))
[debug] Clause(Atom(sbt.plugins.MiniDependencyTreePlugin),Set(Atom(sbt.plugins.JvmPlugin)))
[debug] Clause(Atom(sbt.plugins.CorePlugin),Set(Atom(sbt.plugins.IvyPlugin)))
[debug] Clause(Atom(sbt.plugins.IvyPlugin),Set(Atom(sbt.plugins.JvmPlugin)))
[debug] Clause(Atom(sbt.plugins.JvmPlugin),Set(Atom(sbt.plugins.SemanticdbPlugin)))
[debug] Clause(Atom(sbt.plugins.JvmPlugin),Set(Atom(sbt.plugins.JUnitXmlReportPlugin)))
[debug] Clause(Atom(sbt.plugins.CorePlugin),Set(Atom(sbt.plugins.Giter8TemplatePlugin)))
[debug] Clause(Atom(sbt.plugins.JvmPlugin),Set(Atom(sbt.plugins.MiniDependencyTreePlugin))))
[debug]   :: deduced result: Matched(sbt.plugins.CorePlugin,sbt.plugins.Giter8TemplatePlugin,sbt.plugins.IvyPlugin,sbt.plugins.JvmPlugin,sbt.plugins.MiniDependencyTreePlugin,sbt.plugins.JUnitXmlReportPlugin,sbt.plugins.SemanticdbPlugin)
[debug] Plugins.deducer#function took 26.1691 ms
[info] loading settings for project skel2-build from idea1.sbt ...
[debug]               Load.resolveProject(skel2-build) took 58.8887ms
[debug]             Load.loadTransitive: finalizeProject(Project(id skel2-build, base: D:\Universitate\PP\skel2\project, plugins: List(<none>))) took 108.9278ms
[debug] [Loading] Done in D:\Universitate\PP\skel2\project, returning: (skel2-build)
[debug]           Load.loadUnit: loadedProjectsRaw took 453.2434ms
[debug]           Load.loadUnit: cleanEvalClasses took 13.6171ms
[debug]         Load.loadUnit(file:/D:/Universitate/PP/skel2/project/, ...) took 618.2ms
[debug]       Load.apply: load took 873.5933ms
[debug]       Load.apply: resolveProjects took 11.1424ms
[debug]       Load.apply: finalTransforms took 118.7906ms
[debug]       Load.apply: config.delegates took 14.9235ms
[debug]       Load.apply: Def.make(settings)... took 778.1627ms
[debug]       Load.apply: structureIndex took 145.3524ms
[debug]       Load.apply: mkStreams took 3.1474ms
[info] loading project definition from D:\Universitate\PP\skel2\project
[debug] Running task... Cancel: Signal, check cycles: false, forcegc: true
[debug]     Load.loadUnit: plugins took 3856.8832ms
[debug]     Load.loadUnit: defsScala took 0.0107ms
[debug] [Loading] Scanning directory D:\Universitate\PP\skel2
[debug]       Load.loadUnit: mkEval took 0.6275ms
[debug] [Loading] Found root project root w/ remaining 
[debug] deducing auto plugins based on known facts Set(Atom(sbt.plugins.CorePlugin)) and clauses Clauses(Clause(Atom(sbt.plugins.JvmPlugin),Set(Atom(sbt.plugins.IvyPlugin)))
[debug] Clause(Atom(sbt.ScriptedPlugin),Set(Atom(sbt.plugins.JvmPlugin)))
[debug] Clause(Atom(sbt.plugins.SbtPlugin),Set(Atom(sbt.ScriptedPlugin)))
[debug] Clause(Atom(sbt.plugins.SemanticdbPlugin),Set(Atom(sbt.plugins.JvmPlugin)))
[debug] Clause(Atom(sbt.plugins.JUnitXmlReportPlugin),Set(Atom(sbt.plugins.JvmPlugin)))
[debug] Clause(Atom(sbt.plugins.MiniDependencyTreePlugin),Set(Atom(sbt.plugins.JvmPlugin)))
[debug] Clause(Atom(org.jetbrains.sbt.StructurePlugin),Set(Atom(sbt.plugins.JvmPlugin)))
[debug] Clause(Atom(org.jetbrains.sbt.IdeaShellPlugin),Set(Atom(sbt.plugins.JvmPlugin)))
[debug] Clause(Atom(org.jetbrains.sbt.indices.SbtIntellijIndicesPlugin),Set(Atom(sbt.plugins.JvmPlugin)))
[debug] Clause(Atom(sbt.plugins.CorePlugin),Set(Atom(sbt.plugins.IvyPlugin)))
[debug] Clause(Atom(sbt.plugins.IvyPlugin),Set(Atom(sbt.plugins.JvmPlugin)))
[debug] Clause(Atom(sbt.plugins.JvmPlugin),Set(Atom(sbt.plugins.SemanticdbPlugin)))
[debug] Clause(Atom(sbt.plugins.JvmPlugin),Set(Atom(sbt.plugins.JUnitXmlReportPlugin)))
[debug] Clause(Atom(sbt.plugins.CorePlugin),Set(Atom(sbt.plugins.Giter8TemplatePlugin)))
[debug] Clause(Atom(sbt.plugins.JvmPlugin),Set(Atom(sbt.plugins.MiniDependencyTreePlugin)))
[debug] Clause(Atom(sbt.plugins.JvmPlugin),Set(Atom(org.jetbrains.sbt.StructurePlugin)))
[debug] Clause(Atom(sbt.plugins.JvmPlugin),Set(Atom(org.jetbrains.sbt.IdeaShellPlugin)))
[debug] Clause(And(Set(Atom(sbt.plugins.CorePlugin), Atom(sbt.plugins.JvmPlugin))),Set(Atom(org.jetbrains.sbt.indices.SbtIntellijIndicesPlugin))))
[debug]   :: deduced result: Matched(sbt.plugins.CorePlugin,sbt.plugins.Giter8TemplatePlugin,sbt.plugins.IvyPlugin,sbt.plugins.JvmPlugin,sbt.plugins.SemanticdbPlugin,org.jetbrains.sbt.indices.SbtIntellijIndicesPlugin,sbt.plugins.JUnitXmlReportPlugin,org.jetbrains.sbt.IdeaShellPlugin,org.jetbrains.sbt.StructurePlugin,sbt.plugins.MiniDependencyTreePlugin)
[debug] Plugins.deducer#function took 4.2844 ms
[info] loading settings for project root from build.sbt ...
[debug]         Load.resolveProject(root) took 42.9801ms
[debug]       Load.loadTransitive: finalizeProject(Project(id root, base: D:\Universitate\PP\skel2, plugins: List(<none>))) took 49.9344ms
[debug] [Loading] Done in D:\Universitate\PP\skel2, returning: (root)
[debug]     Load.loadUnit: loadedProjectsRaw took 440.1583ms
[debug]     Load.loadUnit: cleanEvalClasses took 49.0232ms
[debug]   Load.loadUnit(file:/D:/Universitate/PP/skel2/, ...) took 4348.5949ms
[debug] Load.apply: load took 4383.0113ms
[debug] Load.apply: resolveProjects took 0.2728ms
[debug] Load.apply: finalTransforms took 69.9459ms
[debug] Load.apply: config.delegates took 0.648ms
[debug] Load.apply: Def.make(settings)... took 166.8577ms
[debug] Load.apply: structureIndex took 55.9641ms
[debug] Load.apply: mkStreams took 0.0032ms
[info] set current project to t2 (in build file:/D:/Universitate/PP/skel2/)
[debug] > Exec(sbtPopOnFailure, None, None)
[debug] > Exec(resumeFromFailure, None, None)
[debug] > Exec(notifyUsersAboutShell, None, None)
[debug] > Exec(iflast shell, None, None)
[debug] > Exec(; set ideaPort in Global := 53877 ; idea-shell, None, None)
[debug] > Exec(set ideaPort in Global := 53877, None, None)
[info] Defining Global / ideaPort
[info] The new value will be used by Compile / compile, Test / compile
[debug] Defining 
[debug] 	Global / ideaPort
[debug] 
[debug] The new value will be used by 
[debug] 	Compile / compile
[debug] 	Test / compile
[info] Reapplying settings...
[info] set current project to t2 (in build file:/D:/Universitate/PP/skel2/)
[debug] > Exec(idea-shell, None, None)
